<?xml version="1.0" encoding="UTF-8"?>
<testsuite xmlns:xsi="http://www.w3.org/2001/XMLSchema-instance" xsi:noNamespaceSchemaLocation="https://maven.apache.org/surefire/maven-surefire-plugin/xsd/surefire-test-report-3.0.xsd" version="3.0" name="TestSuite" time="33.769" tests="6" errors="0" skipped="0" failures="0">
  <properties>
    <property name="sun.desktop" value="windows"/>
    <property name="awt.toolkit" value="sun.awt.windows.WToolkit"/>
    <property name="file.encoding.pkg" value="sun.io"/>
    <property name="java.specification.version" value="1.8"/>
    <property name="sun.cpu.isalist" value="amd64"/>
    <property name="sun.jnu.encoding" value="Cp1252"/>
    <property name="java.class.path" value="C:\Users\ahmed.mohamed\eclipse-workspace\#7SeleniumGrid\target\test-classes;C:\Users\ahmed.mohamed\eclipse-workspace\#7SeleniumGrid\target\classes;C:\Users\ahmed.mohamed\.m2\repository\org\seleniumhq\selenium\selenium-java\3.8.1\selenium-java-3.8.1.jar;C:\Users\ahmed.mohamed\.m2\repository\org\seleniumhq\selenium\selenium-api\3.8.1\selenium-api-3.8.1.jar;C:\Users\ahmed.mohamed\.m2\repository\org\seleniumhq\selenium\selenium-chrome-driver\3.8.1\selenium-chrome-driver-3.8.1.jar;C:\Users\ahmed.mohamed\.m2\repository\org\seleniumhq\selenium\selenium-edge-driver\3.8.1\selenium-edge-driver-3.8.1.jar;C:\Users\ahmed.mohamed\.m2\repository\org\seleniumhq\selenium\selenium-firefox-driver\3.8.1\selenium-firefox-driver-3.8.1.jar;C:\Users\ahmed.mohamed\.m2\repository\org\seleniumhq\selenium\selenium-ie-driver\3.8.1\selenium-ie-driver-3.8.1.jar;C:\Users\ahmed.mohamed\.m2\repository\org\seleniumhq\selenium\selenium-opera-driver\3.8.1\selenium-opera-driver-3.8.1.jar;C:\Users\ahmed.mohamed\.m2\repository\org\seleniumhq\selenium\selenium-remote-driver\3.8.1\selenium-remote-driver-3.8.1.jar;C:\Users\ahmed.mohamed\.m2\repository\org\seleniumhq\selenium\selenium-safari-driver\3.8.1\selenium-safari-driver-3.8.1.jar;C:\Users\ahmed.mohamed\.m2\repository\org\seleniumhq\selenium\selenium-support\3.8.1\selenium-support-3.8.1.jar;C:\Users\ahmed.mohamed\.m2\repository\net\bytebuddy\byte-buddy\1.7.5\byte-buddy-1.7.5.jar;C:\Users\ahmed.mohamed\.m2\repository\org\apache\commons\commons-exec\1.3\commons-exec-1.3.jar;C:\Users\ahmed.mohamed\.m2\repository\commons-codec\commons-codec\1.10\commons-codec-1.10.jar;C:\Users\ahmed.mohamed\.m2\repository\commons-logging\commons-logging\1.2\commons-logging-1.2.jar;C:\Users\ahmed.mohamed\.m2\repository\com\google\code\gson\gson\2.8.2\gson-2.8.2.jar;C:\Users\ahmed.mohamed\.m2\repository\com\google\guava\guava\23.0\guava-23.0.jar;C:\Users\ahmed.mohamed\.m2\repository\com\google\code\findbugs\jsr305\1.3.9\jsr305-1.3.9.jar;C:\Users\ahmed.mohamed\.m2\repository\com\google\errorprone\error_prone_annotations\2.0.18\error_prone_annotations-2.0.18.jar;C:\Users\ahmed.mohamed\.m2\repository\com\google\j2objc\j2objc-annotations\1.1\j2objc-annotations-1.1.jar;C:\Users\ahmed.mohamed\.m2\repository\org\codehaus\mojo\animal-sniffer-annotations\1.14\animal-sniffer-annotations-1.14.jar;C:\Users\ahmed.mohamed\.m2\repository\org\apache\httpcomponents\httpclient\4.5.3\httpclient-4.5.3.jar;C:\Users\ahmed.mohamed\.m2\repository\org\apache\httpcomponents\httpcore\4.4.6\httpcore-4.4.6.jar;C:\Users\ahmed.mohamed\.m2\repository\org\testng\testng\7.3.0\testng-7.3.0.jar;C:\Users\ahmed.mohamed\.m2\repository\com\beust\jcommander\1.78\jcommander-1.78.jar;C:\Users\ahmed.mohamed\.m2\repository\org\apache\ant\ant\1.10.3\ant-1.10.3.jar;C:\Users\ahmed.mohamed\.m2\repository\org\apache\ant\ant-launcher\1.10.3\ant-launcher-1.10.3.jar;C:\Users\ahmed.mohamed\.m2\repository\junit\junit\4.12\junit-4.12.jar;C:\Users\ahmed.mohamed\.m2\repository\org\hamcrest\hamcrest-core\1.3\hamcrest-core-1.3.jar;C:\Users\ahmed.mohamed\.m2\repository\com\google\inject\guice\4.2.2\guice-4.2.2-no_aop.jar;C:\Users\ahmed.mohamed\.m2\repository\javax\inject\javax.inject\1\javax.inject-1.jar;C:\Users\ahmed.mohamed\.m2\repository\aopalliance\aopalliance\1.0\aopalliance-1.0.jar;C:\Users\ahmed.mohamed\.m2\repository\org\yaml\snakeyaml\1.21\snakeyaml-1.21.jar;C:\Users\ahmed.mohamed\.m2\repository\org\apache\poi\poi-ooxml\3.17\poi-ooxml-3.17.jar;C:\Users\ahmed.mohamed\.m2\repository\org\apache\poi\poi\3.17\poi-3.17.jar;C:\Users\ahmed.mohamed\.m2\repository\org\apache\commons\commons-collections4\4.1\commons-collections4-4.1.jar;C:\Users\ahmed.mohamed\.m2\repository\org\apache\poi\poi-ooxml-schemas\3.17\poi-ooxml-schemas-3.17.jar;C:\Users\ahmed.mohamed\.m2\repository\org\apache\xmlbeans\xmlbeans\2.6.0\xmlbeans-2.6.0.jar;C:\Users\ahmed.mohamed\.m2\repository\stax\stax-api\1.0.1\stax-api-1.0.1.jar;C:\Users\ahmed.mohamed\.m2\repository\com\github\virtuald\curvesapi\1.04\curvesapi-1.04.jar;C:\Users\ahmed.mohamed\.m2\repository\com\github\javafaker\javafaker\0.15\javafaker-0.15.jar;C:\Users\ahmed.mohamed\.m2\repository\org\apache\commons\commons-lang3\3.5\commons-lang3-3.5.jar;C:\Users\ahmed.mohamed\.m2\repository\org\yaml\snakeyaml\1.20\snakeyaml-1.20-android.jar;C:\Users\ahmed.mohamed\.m2\repository\com\github\mifmif\generex\1.0.2\generex-1.0.2.jar;C:\Users\ahmed.mohamed\.m2\repository\dk\brics\automaton\automaton\1.11-8\automaton-1.11-8.jar;"/>
    <property name="java.vm.vendor" value="Oracle Corporation"/>
    <property name="sun.arch.data.model" value="64"/>
    <property name="user.variant" value=""/>
    <property name="java.vendor.url" value="http://java.oracle.com/"/>
    <property name="user.timezone" value="Africa/Cairo"/>
    <property name="java.vm.specification.version" value="1.8"/>
    <property name="os.name" value="Windows 10"/>
    <property name="user.country" value="US"/>
    <property name="sun.java.launcher" value="SUN_STANDARD"/>
    <property name="sun.boot.library.path" value="C:\Program Files\Java\jdk1.8.0_281\jre\bin"/>
    <property name="sun.java.command" value="C:\Users\ahmed.mohamed\AppData\Local\Temp\surefire5878999586934027007\surefirebooter6935597887005453599.jar C:\Users\ahmed.mohamed\AppData\Local\Temp\surefire5878999586934027007 2021-03-18T22-39-11_693-jvmRun1 surefire8275764010096202391tmp surefire_053644490987697761tmp"/>
    <property name="surefire.test.class.path" value="C:\Users\ahmed.mohamed\eclipse-workspace\#7SeleniumGrid\target\test-classes;C:\Users\ahmed.mohamed\eclipse-workspace\#7SeleniumGrid\target\classes;C:\Users\ahmed.mohamed\.m2\repository\org\seleniumhq\selenium\selenium-java\3.8.1\selenium-java-3.8.1.jar;C:\Users\ahmed.mohamed\.m2\repository\org\seleniumhq\selenium\selenium-api\3.8.1\selenium-api-3.8.1.jar;C:\Users\ahmed.mohamed\.m2\repository\org\seleniumhq\selenium\selenium-chrome-driver\3.8.1\selenium-chrome-driver-3.8.1.jar;C:\Users\ahmed.mohamed\.m2\repository\org\seleniumhq\selenium\selenium-edge-driver\3.8.1\selenium-edge-driver-3.8.1.jar;C:\Users\ahmed.mohamed\.m2\repository\org\seleniumhq\selenium\selenium-firefox-driver\3.8.1\selenium-firefox-driver-3.8.1.jar;C:\Users\ahmed.mohamed\.m2\repository\org\seleniumhq\selenium\selenium-ie-driver\3.8.1\selenium-ie-driver-3.8.1.jar;C:\Users\ahmed.mohamed\.m2\repository\org\seleniumhq\selenium\selenium-opera-driver\3.8.1\selenium-opera-driver-3.8.1.jar;C:\Users\ahmed.mohamed\.m2\repository\org\seleniumhq\selenium\selenium-remote-driver\3.8.1\selenium-remote-driver-3.8.1.jar;C:\Users\ahmed.mohamed\.m2\repository\org\seleniumhq\selenium\selenium-safari-driver\3.8.1\selenium-safari-driver-3.8.1.jar;C:\Users\ahmed.mohamed\.m2\repository\org\seleniumhq\selenium\selenium-support\3.8.1\selenium-support-3.8.1.jar;C:\Users\ahmed.mohamed\.m2\repository\net\bytebuddy\byte-buddy\1.7.5\byte-buddy-1.7.5.jar;C:\Users\ahmed.mohamed\.m2\repository\org\apache\commons\commons-exec\1.3\commons-exec-1.3.jar;C:\Users\ahmed.mohamed\.m2\repository\commons-codec\commons-codec\1.10\commons-codec-1.10.jar;C:\Users\ahmed.mohamed\.m2\repository\commons-logging\commons-logging\1.2\commons-logging-1.2.jar;C:\Users\ahmed.mohamed\.m2\repository\com\google\code\gson\gson\2.8.2\gson-2.8.2.jar;C:\Users\ahmed.mohamed\.m2\repository\com\google\guava\guava\23.0\guava-23.0.jar;C:\Users\ahmed.mohamed\.m2\repository\com\google\code\findbugs\jsr305\1.3.9\jsr305-1.3.9.jar;C:\Users\ahmed.mohamed\.m2\repository\com\google\errorprone\error_prone_annotations\2.0.18\error_prone_annotations-2.0.18.jar;C:\Users\ahmed.mohamed\.m2\repository\com\google\j2objc\j2objc-annotations\1.1\j2objc-annotations-1.1.jar;C:\Users\ahmed.mohamed\.m2\repository\org\codehaus\mojo\animal-sniffer-annotations\1.14\animal-sniffer-annotations-1.14.jar;C:\Users\ahmed.mohamed\.m2\repository\org\apache\httpcomponents\httpclient\4.5.3\httpclient-4.5.3.jar;C:\Users\ahmed.mohamed\.m2\repository\org\apache\httpcomponents\httpcore\4.4.6\httpcore-4.4.6.jar;C:\Users\ahmed.mohamed\.m2\repository\org\testng\testng\7.3.0\testng-7.3.0.jar;C:\Users\ahmed.mohamed\.m2\repository\com\beust\jcommander\1.78\jcommander-1.78.jar;C:\Users\ahmed.mohamed\.m2\repository\org\apache\ant\ant\1.10.3\ant-1.10.3.jar;C:\Users\ahmed.mohamed\.m2\repository\org\apache\ant\ant-launcher\1.10.3\ant-launcher-1.10.3.jar;C:\Users\ahmed.mohamed\.m2\repository\junit\junit\4.12\junit-4.12.jar;C:\Users\ahmed.mohamed\.m2\repository\org\hamcrest\hamcrest-core\1.3\hamcrest-core-1.3.jar;C:\Users\ahmed.mohamed\.m2\repository\com\google\inject\guice\4.2.2\guice-4.2.2-no_aop.jar;C:\Users\ahmed.mohamed\.m2\repository\javax\inject\javax.inject\1\javax.inject-1.jar;C:\Users\ahmed.mohamed\.m2\repository\aopalliance\aopalliance\1.0\aopalliance-1.0.jar;C:\Users\ahmed.mohamed\.m2\repository\org\yaml\snakeyaml\1.21\snakeyaml-1.21.jar;C:\Users\ahmed.mohamed\.m2\repository\org\apache\poi\poi-ooxml\3.17\poi-ooxml-3.17.jar;C:\Users\ahmed.mohamed\.m2\repository\org\apache\poi\poi\3.17\poi-3.17.jar;C:\Users\ahmed.mohamed\.m2\repository\org\apache\commons\commons-collections4\4.1\commons-collections4-4.1.jar;C:\Users\ahmed.mohamed\.m2\repository\org\apache\poi\poi-ooxml-schemas\3.17\poi-ooxml-schemas-3.17.jar;C:\Users\ahmed.mohamed\.m2\repository\org\apache\xmlbeans\xmlbeans\2.6.0\xmlbeans-2.6.0.jar;C:\Users\ahmed.mohamed\.m2\repository\stax\stax-api\1.0.1\stax-api-1.0.1.jar;C:\Users\ahmed.mohamed\.m2\repository\com\github\virtuald\curvesapi\1.04\curvesapi-1.04.jar;C:\Users\ahmed.mohamed\.m2\repository\com\github\javafaker\javafaker\0.15\javafaker-0.15.jar;C:\Users\ahmed.mohamed\.m2\repository\org\apache\commons\commons-lang3\3.5\commons-lang3-3.5.jar;C:\Users\ahmed.mohamed\.m2\repository\org\yaml\snakeyaml\1.20\snakeyaml-1.20-android.jar;C:\Users\ahmed.mohamed\.m2\repository\com\github\mifmif\generex\1.0.2\generex-1.0.2.jar;C:\Users\ahmed.mohamed\.m2\repository\dk\brics\automaton\automaton\1.11-8\automaton-1.11-8.jar;"/>
    <property name="sun.cpu.endian" value="little"/>
    <property name="user.home" value="C:\Users\ahmed.mohamed"/>
    <property name="user.language" value="en"/>
    <property name="java.specification.vendor" value="Oracle Corporation"/>
    <property name="java.home" value="C:\Program Files\Java\jdk1.8.0_281\jre"/>
    <property name="basedir" value="C:\Users\ahmed.mohamed\eclipse-workspace\#7SeleniumGrid"/>
    <property name="file.separator" value="\"/>
    <property name="line.separator" value="&#10;"/>
    <property name="java.vm.specification.vendor" value="Oracle Corporation"/>
    <property name="java.specification.name" value="Java Platform API Specification"/>
    <property name="java.awt.graphicsenv" value="sun.awt.Win32GraphicsEnvironment"/>
    <property name="surefire.real.class.path" value="C:\Users\ahmed.mohamed\AppData\Local\Temp\surefire5878999586934027007\surefirebooter6935597887005453599.jar"/>
    <property name="sun.boot.class.path" value="C:\Program Files\Java\jdk1.8.0_281\jre\lib\resources.jar;C:\Program Files\Java\jdk1.8.0_281\jre\lib\rt.jar;C:\Program Files\Java\jdk1.8.0_281\jre\lib\sunrsasign.jar;C:\Program Files\Java\jdk1.8.0_281\jre\lib\jsse.jar;C:\Program Files\Java\jdk1.8.0_281\jre\lib\jce.jar;C:\Program Files\Java\jdk1.8.0_281\jre\lib\charsets.jar;C:\Program Files\Java\jdk1.8.0_281\jre\lib\jfr.jar;C:\Program Files\Java\jdk1.8.0_281\jre\classes"/>
    <property name="user.script" value=""/>
    <property name="sun.management.compiler" value="HotSpot 64-Bit Tiered Compilers"/>
    <property name="java.runtime.version" value="1.8.0_281-b09"/>
    <property name="user.name" value="ahmed.mohamed"/>
    <property name="path.separator" value=";"/>
    <property name="os.version" value="10.0"/>
    <property name="java.endorsed.dirs" value="C:\Program Files\Java\jdk1.8.0_281\jre\lib\endorsed"/>
    <property name="java.runtime.name" value="Java(TM) SE Runtime Environment"/>
    <property name="file.encoding" value="Cp1252"/>
    <property name="java.vm.name" value="Java HotSpot(TM) 64-Bit Server VM"/>
    <property name="localRepository" value="C:\Users\ahmed.mohamed\.m2\repository"/>
    <property name="java.vendor.url.bug" value="http://bugreport.sun.com/bugreport/"/>
    <property name="java.io.tmpdir" value="C:\Users\AHMED~1.MOH\AppData\Local\Temp\"/>
    <property name="java.version" value="1.8.0_281"/>
    <property name="user.dir" value="C:\Users\ahmed.mohamed\eclipse-workspace\#7SeleniumGrid"/>
    <property name="os.arch" value="amd64"/>
    <property name="java.vm.specification.name" value="Java Virtual Machine Specification"/>
    <property name="java.awt.printerjob" value="sun.awt.windows.WPrinterJob"/>
    <property name="sun.os.patch.level" value=""/>
    <property name="java.library.path" value="C:\Program Files\Java\jdk1.8.0_281\jre\bin;C:\WINDOWS\Sun\Java\bin;C:\WINDOWS\system32;C:\WINDOWS;C:\Program Files (x86)\Common Files\Oracle\Java\javapath;C:\Program Files\PlasticSCM5\server;C:\Program Files\PlasticSCM5\client;C:\Polarion\bundled\svn\bin;C:\WINDOWS\system32;C:\WINDOWS;C:\WINDOWS\System32\Wbem;C:\WINDOWS\System32\WindowsPowerShell\v1.0\;C:\WINDOWS\System32\OpenSSH\;C:\Program Files\dotnet\;C:\Program Files\MATLAB\R2020a\bin;C:\Program Files (x86)\Vector CANdb++ 3.1\Exec32;C:\Program Files\Git\cmd;C:\Program Files\Java\jdk1.8.0_281\bin;D:\Files\Freelance Testing\Testing Autmation\Test Automation Framework\Maven\apache-maven-3.6.3\bin;C:\Users\ahmed.mohamed\AppData\Local\Microsoft\WindowsApps;C:\Users\ahmed.mohamed\.dotnet\tools;C:\Users\ahmed.mohamed\AppData\Local\Microsoft\WindowsApps;C:\Users\ahmed.mohamed\AppData\Local\atom\bin;C:\Program Files\Java\jdk1.8.0_281\bin;D:\Files\Freelance Testing\Testing Autmation\Seleinum\Setup\apache-maven-3.6.3\bin;C:\Users\ahmed.mohamed\AppData\Local\GitHubDesktop\bin;."/>
    <property name="java.vm.info" value="mixed mode"/>
    <property name="java.vendor" value="Oracle Corporation"/>
    <property name="java.vm.version" value="25.281-b09"/>
    <property name="java.ext.dirs" value="C:\Program Files\Java\jdk1.8.0_281\jre\lib\ext;C:\WINDOWS\Sun\Java\lib\ext"/>
    <property name="sun.io.unicode.encoding" value="UnicodeLittle"/>
    <property name="java.class.version" value="52.0"/>
  </properties>
  <testcase name="UserCanRegisterSuccssfully" classname="tests.UserRegistrationParallelTesting" time="6.341">
    <system-out><![CDATA[The Userr Data is : Emelia Zulauf josefa.prosacco@yahoo.com 10802325
]]></system-out>
    <system-err><![CDATA[Mar 18, 2021 10:39:23 PM org.openqa.selenium.remote.ProtocolHandshake createSession
INFO: Detected dialect: W3C
Mar 18, 2021 10:39:29 PM org.openqa.selenium.remote.ProtocolHandshake createSession
INFO: Detected dialect: W3C
]]></system-err>
  </testcase>
  <testcase name="UserCanRegisterSuccssfully" classname="tests.UserRegistrationParallelTesting" time="1.146">
    <system-out><![CDATA[The Userr Data is : Gene O'Keefe kris.johns@hotmail.com 52421120
]]></system-out>
  </testcase>
  <testcase name="RegisteredUserCanLogout" classname="tests.UserRegistrationParallelTesting" time="1.402"/>
  <testcase name="RegisteredUserCanLogout" classname="tests.UserRegistrationParallelTesting" time="1.394"/>
  <testcase name="RegisteredUserCanLogin" classname="tests.UserRegistrationParallelTesting" time="3.922"/>
  <testcase name="RegisteredUserCanLogin" classname="tests.UserRegistrationParallelTesting" time="4.733"/>
</testsuite>