<?xml version="1.0" encoding="UTF-8"?>
<!-- Generated by org.testng.reporters.JUnitReportReporter -->
<testsuite skipped="0" hostname="AVE-LAP-329" name="tests.UserRegistrationParallelTesting" tests="6" failures="0" timestamp="2021-03-17T23:53:40 EET" time="64.359" errors="0">
  <testcase name="RegisteredUserCanLogin" time="12.625" classname="tests.UserRegistrationParallelTesting"/>
  <system-out/>
  <testcase name="RegisteredUserCanLogin" time="7.207" classname="tests.UserRegistrationParallelTesting"/>
  <system-out/>
  <testcase name="RegisteredUserCanLogout" time="2.257" classname="tests.UserRegistrationParallelTesting"/>
  <system-out/>
  <testcase name="RegisteredUserCanLogout" time="2.855" classname="tests.UserRegistrationParallelTesting"/>
  <system-out/>
  <testcase name="UserCanRegisterSuccssfully" time="21.325" classname="tests.UserRegistrationParallelTesting"/>
  <system-out/>
  <testcase name="UserCanRegisterSuccssfully" time="18.090" classname="tests.UserRegistrationParallelTesting"/>
  <system-out/>
</testsuite> <!-- tests.UserRegistrationParallelTesting -->
