<?xml version="1.0" encoding="UTF-8"?>
<!-- Generated by org.testng.reporters.JUnitReportReporter -->
<testsuite skipped="0" hostname="AVE-LAP-329" name="tests.UserRegistrationTest" tests="1" failures="0" timestamp="2021-03-12T11:25:54 EET" time="6.922" errors="0">
  <testcase name="UserCanRegisterSuccssfully" time="6.922" classname="tests.UserRegistrationTest"/>
  <system-out/>
</testsuite> <!-- tests.UserRegistrationTest -->
