<?xml version="1.0" encoding="UTF-8"?>
<!-- Generated by org.testng.reporters.JUnitReportReporter -->
<testsuite skipped="0" hostname="AVE-LAP-329" name="tests.UserRegistrationWithDDTAndDataProvider" tests="2" failures="0" timestamp="2021-03-17T13:26:23 EET" time="22.340" errors="0">
  <testcase name="UserCanRegisterSuccssfully" time="12.789" classname="tests.UserRegistrationWithDDTAndDataProvider"/>
  <system-out/>
  <testcase name="UserCanRegisterSuccssfully" time="9.551" classname="tests.UserRegistrationWithDDTAndDataProvider"/>
  <system-out/>
</testsuite> <!-- tests.UserRegistrationWithDDTAndDataProvider -->
