<?xml version="1.0" encoding="UTF-8"?>
<!-- Generated by org.testng.reporters.JUnitReportReporter -->
<testsuite skipped="0" hostname="AVE-LAP-329" name="tests.UserRegistrationWithDDTAndDataProvider" tests="2" failures="0" timestamp="2021-03-15T17:30:13 EET" time="16.640" errors="0">
  <testcase name="UserCanRegisterSuccssfully" time="6.978" classname="tests.UserRegistrationWithDDTAndDataProvider"/>
  <system-out/>
  <testcase name="UserCanRegisterSuccssfully" time="9.662" classname="tests.UserRegistrationWithDDTAndDataProvider"/>
  <system-out/>
</testsuite> <!-- tests.UserRegistrationWithDDTAndDataProvider -->
